<?xml version="1.0" encoding="UTF-8"?>
<testng-results skipped="0" failed="0" ignored="0" total="1" passed="1">
  <reporter-output>
  </reporter-output>
  <suite name="Default suite" duration-ms="94383" started-at="2017-12-29T11:01:27Z" finished-at="2017-12-29T11:03:02Z">
    <groups>
    </groups>
    <test name="Default test" duration-ms="94383" started-at="2017-12-29T11:01:27Z" finished-at="2017-12-29T11:03:02Z">
      <class name="com.test.JenkinsProject.TrackoProject">
        <test-method status="PASS" signature="beforeTest()[pri:0, instance:com.test.JenkinsProject.TrackoProject@1ea3742]" name="beforeTest" is-config="true" duration-ms="59906" started-at="2017-12-29T16:31:27Z" finished-at="2017-12-29T16:32:27Z">
          <reporter-output>
          </reporter-output>
        </test-method> <!-- beforeTest -->
        <test-method status="PASS" signature="testOne()[pri:0, instance:com.test.JenkinsProject.TrackoProject@1ea3742]" name="testOne" duration-ms="34430" started-at="2017-12-29T16:32:27Z" finished-at="2017-12-29T16:33:02Z">
          <reporter-output>
          </reporter-output>
        </test-method> <!-- testOne -->
      </class> <!-- com.test.JenkinsProject.TrackoProject -->
    </test> <!-- Default test -->
  </suite> <!-- Default suite -->
</testng-results>
