<?xml version="1.0" encoding="UTF-8"?>
<testng-results skipped="0" failed="0" total="1" passed="1">
  <reporter-output>
  </reporter-output>
  <suite name="Suite" duration-ms="27059" started-at="2017-09-09T11:28:22Z" finished-at="2017-09-09T11:28:49Z">
    <groups>
    </groups>
    <test name="Test" duration-ms="27059" started-at="2017-09-09T11:28:22Z" finished-at="2017-09-09T11:28:49Z">
      <class name="com.test.JenkinsProject.TrackoProject">
        <test-method status="PASS" signature="beforeTest()[pri:0, instance:com.test.JenkinsProject.TrackoProject@3b6eb2ec]" name="beforeTest" is-config="true" duration-ms="25378" started-at="2017-09-09T16:58:22Z" finished-at="2017-09-09T16:58:48Z">
          <reporter-output>
          </reporter-output>
        </test-method> <!-- beforeTest -->
        <test-method status="PASS" signature="f()[pri:0, instance:com.test.JenkinsProject.TrackoProject@3b6eb2ec]" name="f" duration-ms="31" started-at="2017-09-09T16:58:48Z" finished-at="2017-09-09T16:58:48Z">
          <reporter-output>
          </reporter-output>
        </test-method> <!-- f -->
        <test-method status="PASS" signature="afterTest()[pri:0, instance:com.test.JenkinsProject.TrackoProject@3b6eb2ec]" name="afterTest" is-config="true" duration-ms="1600" started-at="2017-09-09T16:58:48Z" finished-at="2017-09-09T16:58:49Z">
          <reporter-output>
          </reporter-output>
        </test-method> <!-- afterTest -->
      </class> <!-- com.test.JenkinsProject.TrackoProject -->
    </test> <!-- Test -->
  </suite> <!-- Suite -->
</testng-results>
